<?xml version="1.0" encoding="UTF-8"?>
<testsuite xmlns:xsi="http://www.w3.org/2001/XMLSchema-instance" xsi:noNamespaceSchemaLocation="https://maven.apache.org/surefire/maven-surefire-plugin/xsd/surefire-test-report-3.0.xsd" version="3.0" name="Parallel06IT" time="10.181" tests="1" errors="0" skipped="0" failures="0">
  <properties>
    <property name="gopherProxySet" value="false"/>
    <property name="awt.toolkit" value="sun.lwawt.macosx.LWCToolkit"/>
    <property name="file.encoding.pkg" value="sun.io"/>
    <property name="java.specification.version" value="1.8"/>
    <property name="sun.cpu.isalist" value=""/>
    <property name="sun.jnu.encoding" value="UTF-8"/>
    <property name="java.class.path" value="/Users/njbh1/Documents/Official/woolworths-app-apigee/target/test-classes:/Users/njbh1/Documents/Official/woolworths-app-apigee/target/classes:/Users/njbh1/.m2/repository/org/testng/testng/6.14.2/testng-6.14.2.jar:/Users/njbh1/.m2/repository/com/beust/jcommander/1.72/jcommander-1.72.jar:/Users/njbh1/.m2/repository/org/apache-extras/beanshell/bsh/2.0b6/bsh-2.0b6.jar:/Users/njbh1/.m2/repository/io/rest-assured/rest-assured/3.2.0/rest-assured-3.2.0.jar:/Users/njbh1/.m2/repository/org/codehaus/groovy/groovy/2.4.15/groovy-2.4.15.jar:/Users/njbh1/.m2/repository/org/codehaus/groovy/groovy-xml/2.4.15/groovy-xml-2.4.15.jar:/Users/njbh1/.m2/repository/org/apache/httpcomponents/httpclient/4.5.3/httpclient-4.5.3.jar:/Users/njbh1/.m2/repository/org/apache/httpcomponents/httpcore/4.4.6/httpcore-4.4.6.jar:/Users/njbh1/.m2/repository/commons-logging/commons-logging/1.2/commons-logging-1.2.jar:/Users/njbh1/.m2/repository/commons-codec/commons-codec/1.9/commons-codec-1.9.jar:/Users/njbh1/.m2/repository/org/apache/httpcomponents/httpmime/4.5.1/httpmime-4.5.1.jar:/Users/njbh1/.m2/repository/org/hamcrest/hamcrest-core/1.3/hamcrest-core-1.3.jar:/Users/njbh1/.m2/repository/org/hamcrest/hamcrest-library/1.3/hamcrest-library-1.3.jar:/Users/njbh1/.m2/repository/org/ccil/cowan/tagsoup/tagsoup/1.2.1/tagsoup-1.2.1.jar:/Users/njbh1/.m2/repository/io/rest-assured/json-path/3.2.0/json-path-3.2.0.jar:/Users/njbh1/.m2/repository/org/codehaus/groovy/groovy-json/2.4.15/groovy-json-2.4.15.jar:/Users/njbh1/.m2/repository/io/rest-assured/rest-assured-common/3.2.0/rest-assured-common-3.2.0.jar:/Users/njbh1/.m2/repository/io/rest-assured/xml-path/3.2.0/xml-path-3.2.0.jar:/Users/njbh1/.m2/repository/org/apache/commons/commons-lang3/3.4/commons-lang3-3.4.jar:/Users/njbh1/.m2/repository/javax/xml/bind/jaxb-api/2.2.12/jaxb-api-2.2.12.jar:/Users/njbh1/.m2/repository/com/sun/xml/bind/jaxb-osgi/2.2.10/jaxb-osgi-2.2.10.jar:/Users/njbh1/.m2/repository/org/apache/sling/org.apache.sling.javax.activation/0.1.0/org.apache.sling.javax.activation-0.1.0.jar:/Users/njbh1/.m2/repository/javax/activation/activation/1.1.1/activation-1.1.1.jar:/Users/njbh1/.m2/repository/io/rest-assured/json-schema-validator/3.2.0/json-schema-validator-3.2.0.jar:/Users/njbh1/.m2/repository/com/github/fge/json-schema-validator/2.2.6/json-schema-validator-2.2.6.jar:/Users/njbh1/.m2/repository/com/google/code/findbugs/jsr305/3.0.0/jsr305-3.0.0.jar:/Users/njbh1/.m2/repository/joda-time/joda-time/2.3/joda-time-2.3.jar:/Users/njbh1/.m2/repository/com/googlecode/libphonenumber/libphonenumber/6.2/libphonenumber-6.2.jar:/Users/njbh1/.m2/repository/com/github/fge/json-schema-core/1.2.5/json-schema-core-1.2.5.jar:/Users/njbh1/.m2/repository/com/github/fge/uri-template/0.9/uri-template-0.9.jar:/Users/njbh1/.m2/repository/com/github/fge/msg-simple/1.1/msg-simple-1.1.jar:/Users/njbh1/.m2/repository/com/github/fge/btf/1.2/btf-1.2.jar:/Users/njbh1/.m2/repository/com/github/fge/jackson-coreutils/1.8/jackson-coreutils-1.8.jar:/Users/njbh1/.m2/repository/org/mozilla/rhino/1.7R4/rhino-1.7R4.jar:/Users/njbh1/.m2/repository/javax/mail/mailapi/1.4.3/mailapi-1.4.3.jar:/Users/njbh1/.m2/repository/net/sf/jopt-simple/jopt-simple/4.6/jopt-simple-4.6.jar:/Users/njbh1/.m2/repository/info/cukes/cucumber-java/1.2.5/cucumber-java-1.2.5.jar:/Users/njbh1/.m2/repository/info/cukes/cucumber-core/1.2.5/cucumber-core-1.2.5.jar:/Users/njbh1/.m2/repository/info/cukes/cucumber-html/0.2.3/cucumber-html-0.2.3.jar:/Users/njbh1/.m2/repository/info/cukes/cucumber-testng/1.2.5/cucumber-testng-1.2.5.jar:/Users/njbh1/.m2/repository/info/cukes/cucumber-picocontainer/1.2.5/cucumber-picocontainer-1.2.5.jar:/Users/njbh1/.m2/repository/info/cukes/cucumber-jvm-deps/1.0.5/cucumber-jvm-deps-1.0.5.jar:/Users/njbh1/.m2/repository/info/cukes/gherkin/2.12.2/gherkin-2.12.2.jar:/Users/njbh1/.m2/repository/org/picocontainer/picocontainer/2.15/picocontainer-2.15.jar:/Users/njbh1/.m2/repository/com/github/temyers/cucumber-jvm-parallel-plugin/5.0.0/cucumber-jvm-parallel-plugin-5.0.0.jar:/Users/njbh1/.m2/repository/org/apache/velocity/velocity/1.7/velocity-1.7.jar:/Users/njbh1/.m2/repository/commons-collections/commons-collections/3.2.1/commons-collections-3.2.1.jar:/Users/njbh1/.m2/repository/commons-lang/commons-lang/2.4/commons-lang-2.4.jar:/Users/njbh1/.m2/repository/io/cucumber/gherkin/5.0.0/gherkin-5.0.0.jar:/Users/njbh1/.m2/repository/io/cucumber/gherkin-jvm-deps/1.0.4/gherkin-jvm-deps-1.0.4.jar:/Users/njbh1/.m2/repository/com/google/guava/guava/19.0/guava-19.0.jar:/Users/njbh1/.m2/repository/org/projectlombok/lombok/1.16.10/lombok-1.16.10.jar:/Users/njbh1/.m2/repository/io/cucumber/tag-expressions/1.1.1/tag-expressions-1.1.1.jar:/Users/njbh1/.m2/repository/org/slf4j/slf4j-simple/1.7.25/slf4j-simple-1.7.25.jar:/Users/njbh1/.m2/repository/org/slf4j/slf4j-api/1.7.25/slf4j-api-1.7.25.jar:/Users/njbh1/.m2/repository/com/fasterxml/jackson/core/jackson-annotations/2.9.8/jackson-annotations-2.9.8.jar:/Users/njbh1/.m2/repository/com/fasterxml/jackson/core/jackson-databind/2.9.8/jackson-databind-2.9.8.jar:/Users/njbh1/.m2/repository/com/fasterxml/jackson/dataformat/jackson-dataformat-xml/2.9.8/jackson-dataformat-xml-2.9.8.jar:/Users/njbh1/.m2/repository/com/fasterxml/jackson/module/jackson-module-jaxb-annotations/2.9.8/jackson-module-jaxb-annotations-2.9.8.jar:/Users/njbh1/.m2/repository/org/codehaus/woodstox/stax2-api/3.1.4/stax2-api-3.1.4.jar:/Users/njbh1/.m2/repository/com/fasterxml/woodstox/woodstox-core/5.0.3/woodstox-core-5.0.3.jar:/Users/njbh1/.m2/repository/com/fasterxml/jackson/core/jackson-core/2.9.8/jackson-core-2.9.8.jar:/Users/njbh1/.m2/repository/com/trivago/rta/cluecumber-report-plugin/1.6.5/cluecumber-report-plugin-1.6.5.jar:/Users/njbh1/.m2/repository/org/apache/maven/maven-plugin-api/3.6.0/maven-plugin-api-3.6.0.jar:/Users/njbh1/.m2/repository/org/apache/maven/maven-model/3.6.0/maven-model-3.6.0.jar:/Users/njbh1/.m2/repository/org/apache/maven/maven-artifact/3.6.0/maven-artifact-3.6.0.jar:/Users/njbh1/.m2/repository/org/eclipse/sisu/org.eclipse.sisu.plexus/0.3.3/org.eclipse.sisu.plexus-0.3.3.jar:/Users/njbh1/.m2/repository/javax/enterprise/cdi-api/1.0/cdi-api-1.0.jar:/Users/njbh1/.m2/repository/javax/annotation/jsr250-api/1.0/jsr250-api-1.0.jar:/Users/njbh1/.m2/repository/javax/inject/javax.inject/1/javax.inject-1.jar:/Users/njbh1/.m2/repository/org/eclipse/sisu/org.eclipse.sisu.inject/0.3.3/org.eclipse.sisu.inject-0.3.3.jar:/Users/njbh1/.m2/repository/org/codehaus/plexus/plexus-component-annotations/1.5.5/plexus-component-annotations-1.5.5.jar:/Users/njbh1/.m2/repository/org/codehaus/plexus/plexus-classworlds/2.5.2/plexus-classworlds-2.5.2.jar:/Users/njbh1/.m2/repository/io/gsonfire/gson-fire/1.9.0-alpha1/gson-fire-1.9.0-alpha1.jar:/Users/njbh1/.m2/repository/org/freemarker/freemarker/2.3.28/freemarker-2.3.28.jar:/Users/njbh1/.m2/repository/org/codehaus/plexus/plexus-utils/3.1.1/plexus-utils-3.1.1.jar:/Users/njbh1/.m2/repository/org/jsoup/jsoup/1.11.3/jsoup-1.11.3.jar:/Users/njbh1/.m2/repository/uk/com/robust-it/cloning/1.9.11/cloning-1.9.11.jar:/Users/njbh1/.m2/repository/org/objenesis/objenesis/2.6/objenesis-2.6.jar:/Users/njbh1/.m2/repository/com/google/code/gson/gson/2.8.5/gson-2.8.5.jar:/Users/njbh1/.m2/repository/commons-io/commons-io/2.6/commons-io-2.6.jar:/Users/njbh1/.m2/repository/com/microsoft/azure/azure-eventhubs/2.2.0/azure-eventhubs-2.2.0.jar:/Users/njbh1/.m2/repository/org/apache/qpid/proton-j/0.31.0/proton-j-0.31.0.jar:/Users/njbh1/.m2/repository/com/microsoft/azure/qpid-proton-j-extensions/1.1.0/qpid-proton-j-extensions-1.1.0.jar:/Users/njbh1/.m2/repository/com/microsoft/azure/azure-servicebus/1.2.8/azure-servicebus-1.2.8.jar:/Users/njbh1/.m2/repository/org/bouncycastle/bcpkix-jdk15on/1.53/bcpkix-jdk15on-1.53.jar:/Users/njbh1/.m2/repository/org/bouncycastle/bcprov-jdk15on/1.53/bcprov-jdk15on-1.53.jar:/Users/njbh1/.m2/repository/com/microsoft/azure/adal4j/1.3.0/adal4j-1.3.0.jar:/Users/njbh1/.m2/repository/com/nimbusds/oauth2-oidc-sdk/5.24.1/oauth2-oidc-sdk-5.24.1.jar:/Users/njbh1/.m2/repository/javax/mail/mail/1.4.7/mail-1.4.7.jar:/Users/njbh1/.m2/repository/com/github/stephenc/jcip/jcip-annotations/1.0-1/jcip-annotations-1.0-1.jar:/Users/njbh1/.m2/repository/org/apache/commons/commons-collections4/4.1/commons-collections4-4.1.jar:/Users/njbh1/.m2/repository/net/minidev/json-smart/1.3.1/json-smart-1.3.1.jar:/Users/njbh1/.m2/repository/com/nimbusds/lang-tag/1.4.4/lang-tag-1.4.4.jar:/Users/njbh1/.m2/repository/com/nimbusds/nimbus-jose-jwt/8.14.1/nimbus-jose-jwt-8.14.1.jar:/Users/njbh1/.m2/repository/com/googlecode/json-simple/json-simple/1.1.1/json-simple-1.1.1.jar:/Users/njbh1/.m2/repository/junit/junit/4.10/junit-4.10.jar:/Users/njbh1/.m2/repository/org/codehaus/jackson/jackson-mapper-asl/1.9.0/jackson-mapper-asl-1.9.0.jar:/Users/njbh1/.m2/repository/org/codehaus/jackson/jackson-core-asl/1.9.0/jackson-core-asl-1.9.0.jar:"/>
    <property name="java.vm.vendor" value="Oracle Corporation"/>
    <property name="sun.arch.data.model" value="64"/>
    <property name="java.vendor.url" value="http://java.oracle.com/"/>
    <property name="user.timezone" value=""/>
    <property name="java.vm.specification.version" value="1.8"/>
    <property name="os.name" value="Mac OS X"/>
    <property name="user.country" value="AU"/>
    <property name="sun.java.launcher" value="SUN_STANDARD"/>
    <property name="sun.boot.library.path" value="/Library/Java/JavaVirtualMachines/jdk1.8.0_201.jdk/Contents/Home/jre/lib"/>
    <property name="sun.java.command" value="/Users/njbh1/Documents/Official/woolworths-app-apigee/target/surefire/surefirebooter2516682620929537198.jar /Users/njbh1/Documents/Official/woolworths-app-apigee/target/surefire 2020-04-14T17-18-03_124-jvmRun1 surefire5576001310284779486tmp surefire_62922087028516647019tmp"/>
    <property name="surefire.test.class.path" value="/Users/njbh1/Documents/Official/woolworths-app-apigee/target/test-classes:/Users/njbh1/Documents/Official/woolworths-app-apigee/target/classes:/Users/njbh1/.m2/repository/org/testng/testng/6.14.2/testng-6.14.2.jar:/Users/njbh1/.m2/repository/com/beust/jcommander/1.72/jcommander-1.72.jar:/Users/njbh1/.m2/repository/org/apache-extras/beanshell/bsh/2.0b6/bsh-2.0b6.jar:/Users/njbh1/.m2/repository/io/rest-assured/rest-assured/3.2.0/rest-assured-3.2.0.jar:/Users/njbh1/.m2/repository/org/codehaus/groovy/groovy/2.4.15/groovy-2.4.15.jar:/Users/njbh1/.m2/repository/org/codehaus/groovy/groovy-xml/2.4.15/groovy-xml-2.4.15.jar:/Users/njbh1/.m2/repository/org/apache/httpcomponents/httpclient/4.5.3/httpclient-4.5.3.jar:/Users/njbh1/.m2/repository/org/apache/httpcomponents/httpcore/4.4.6/httpcore-4.4.6.jar:/Users/njbh1/.m2/repository/commons-logging/commons-logging/1.2/commons-logging-1.2.jar:/Users/njbh1/.m2/repository/commons-codec/commons-codec/1.9/commons-codec-1.9.jar:/Users/njbh1/.m2/repository/org/apache/httpcomponents/httpmime/4.5.1/httpmime-4.5.1.jar:/Users/njbh1/.m2/repository/org/hamcrest/hamcrest-core/1.3/hamcrest-core-1.3.jar:/Users/njbh1/.m2/repository/org/hamcrest/hamcrest-library/1.3/hamcrest-library-1.3.jar:/Users/njbh1/.m2/repository/org/ccil/cowan/tagsoup/tagsoup/1.2.1/tagsoup-1.2.1.jar:/Users/njbh1/.m2/repository/io/rest-assured/json-path/3.2.0/json-path-3.2.0.jar:/Users/njbh1/.m2/repository/org/codehaus/groovy/groovy-json/2.4.15/groovy-json-2.4.15.jar:/Users/njbh1/.m2/repository/io/rest-assured/rest-assured-common/3.2.0/rest-assured-common-3.2.0.jar:/Users/njbh1/.m2/repository/io/rest-assured/xml-path/3.2.0/xml-path-3.2.0.jar:/Users/njbh1/.m2/repository/org/apache/commons/commons-lang3/3.4/commons-lang3-3.4.jar:/Users/njbh1/.m2/repository/javax/xml/bind/jaxb-api/2.2.12/jaxb-api-2.2.12.jar:/Users/njbh1/.m2/repository/com/sun/xml/bind/jaxb-osgi/2.2.10/jaxb-osgi-2.2.10.jar:/Users/njbh1/.m2/repository/org/apache/sling/org.apache.sling.javax.activation/0.1.0/org.apache.sling.javax.activation-0.1.0.jar:/Users/njbh1/.m2/repository/javax/activation/activation/1.1.1/activation-1.1.1.jar:/Users/njbh1/.m2/repository/io/rest-assured/json-schema-validator/3.2.0/json-schema-validator-3.2.0.jar:/Users/njbh1/.m2/repository/com/github/fge/json-schema-validator/2.2.6/json-schema-validator-2.2.6.jar:/Users/njbh1/.m2/repository/com/google/code/findbugs/jsr305/3.0.0/jsr305-3.0.0.jar:/Users/njbh1/.m2/repository/joda-time/joda-time/2.3/joda-time-2.3.jar:/Users/njbh1/.m2/repository/com/googlecode/libphonenumber/libphonenumber/6.2/libphonenumber-6.2.jar:/Users/njbh1/.m2/repository/com/github/fge/json-schema-core/1.2.5/json-schema-core-1.2.5.jar:/Users/njbh1/.m2/repository/com/github/fge/uri-template/0.9/uri-template-0.9.jar:/Users/njbh1/.m2/repository/com/github/fge/msg-simple/1.1/msg-simple-1.1.jar:/Users/njbh1/.m2/repository/com/github/fge/btf/1.2/btf-1.2.jar:/Users/njbh1/.m2/repository/com/github/fge/jackson-coreutils/1.8/jackson-coreutils-1.8.jar:/Users/njbh1/.m2/repository/org/mozilla/rhino/1.7R4/rhino-1.7R4.jar:/Users/njbh1/.m2/repository/javax/mail/mailapi/1.4.3/mailapi-1.4.3.jar:/Users/njbh1/.m2/repository/net/sf/jopt-simple/jopt-simple/4.6/jopt-simple-4.6.jar:/Users/njbh1/.m2/repository/info/cukes/cucumber-java/1.2.5/cucumber-java-1.2.5.jar:/Users/njbh1/.m2/repository/info/cukes/cucumber-core/1.2.5/cucumber-core-1.2.5.jar:/Users/njbh1/.m2/repository/info/cukes/cucumber-html/0.2.3/cucumber-html-0.2.3.jar:/Users/njbh1/.m2/repository/info/cukes/cucumber-testng/1.2.5/cucumber-testng-1.2.5.jar:/Users/njbh1/.m2/repository/info/cukes/cucumber-picocontainer/1.2.5/cucumber-picocontainer-1.2.5.jar:/Users/njbh1/.m2/repository/info/cukes/cucumber-jvm-deps/1.0.5/cucumber-jvm-deps-1.0.5.jar:/Users/njbh1/.m2/repository/info/cukes/gherkin/2.12.2/gherkin-2.12.2.jar:/Users/njbh1/.m2/repository/org/picocontainer/picocontainer/2.15/picocontainer-2.15.jar:/Users/njbh1/.m2/repository/com/github/temyers/cucumber-jvm-parallel-plugin/5.0.0/cucumber-jvm-parallel-plugin-5.0.0.jar:/Users/njbh1/.m2/repository/org/apache/velocity/velocity/1.7/velocity-1.7.jar:/Users/njbh1/.m2/repository/commons-collections/commons-collections/3.2.1/commons-collections-3.2.1.jar:/Users/njbh1/.m2/repository/commons-lang/commons-lang/2.4/commons-lang-2.4.jar:/Users/njbh1/.m2/repository/io/cucumber/gherkin/5.0.0/gherkin-5.0.0.jar:/Users/njbh1/.m2/repository/io/cucumber/gherkin-jvm-deps/1.0.4/gherkin-jvm-deps-1.0.4.jar:/Users/njbh1/.m2/repository/com/google/guava/guava/19.0/guava-19.0.jar:/Users/njbh1/.m2/repository/org/projectlombok/lombok/1.16.10/lombok-1.16.10.jar:/Users/njbh1/.m2/repository/io/cucumber/tag-expressions/1.1.1/tag-expressions-1.1.1.jar:/Users/njbh1/.m2/repository/org/slf4j/slf4j-simple/1.7.25/slf4j-simple-1.7.25.jar:/Users/njbh1/.m2/repository/org/slf4j/slf4j-api/1.7.25/slf4j-api-1.7.25.jar:/Users/njbh1/.m2/repository/com/fasterxml/jackson/core/jackson-annotations/2.9.8/jackson-annotations-2.9.8.jar:/Users/njbh1/.m2/repository/com/fasterxml/jackson/core/jackson-databind/2.9.8/jackson-databind-2.9.8.jar:/Users/njbh1/.m2/repository/com/fasterxml/jackson/dataformat/jackson-dataformat-xml/2.9.8/jackson-dataformat-xml-2.9.8.jar:/Users/njbh1/.m2/repository/com/fasterxml/jackson/module/jackson-module-jaxb-annotations/2.9.8/jackson-module-jaxb-annotations-2.9.8.jar:/Users/njbh1/.m2/repository/org/codehaus/woodstox/stax2-api/3.1.4/stax2-api-3.1.4.jar:/Users/njbh1/.m2/repository/com/fasterxml/woodstox/woodstox-core/5.0.3/woodstox-core-5.0.3.jar:/Users/njbh1/.m2/repository/com/fasterxml/jackson/core/jackson-core/2.9.8/jackson-core-2.9.8.jar:/Users/njbh1/.m2/repository/com/trivago/rta/cluecumber-report-plugin/1.6.5/cluecumber-report-plugin-1.6.5.jar:/Users/njbh1/.m2/repository/org/apache/maven/maven-plugin-api/3.6.0/maven-plugin-api-3.6.0.jar:/Users/njbh1/.m2/repository/org/apache/maven/maven-model/3.6.0/maven-model-3.6.0.jar:/Users/njbh1/.m2/repository/org/apache/maven/maven-artifact/3.6.0/maven-artifact-3.6.0.jar:/Users/njbh1/.m2/repository/org/eclipse/sisu/org.eclipse.sisu.plexus/0.3.3/org.eclipse.sisu.plexus-0.3.3.jar:/Users/njbh1/.m2/repository/javax/enterprise/cdi-api/1.0/cdi-api-1.0.jar:/Users/njbh1/.m2/repository/javax/annotation/jsr250-api/1.0/jsr250-api-1.0.jar:/Users/njbh1/.m2/repository/javax/inject/javax.inject/1/javax.inject-1.jar:/Users/njbh1/.m2/repository/org/eclipse/sisu/org.eclipse.sisu.inject/0.3.3/org.eclipse.sisu.inject-0.3.3.jar:/Users/njbh1/.m2/repository/org/codehaus/plexus/plexus-component-annotations/1.5.5/plexus-component-annotations-1.5.5.jar:/Users/njbh1/.m2/repository/org/codehaus/plexus/plexus-classworlds/2.5.2/plexus-classworlds-2.5.2.jar:/Users/njbh1/.m2/repository/io/gsonfire/gson-fire/1.9.0-alpha1/gson-fire-1.9.0-alpha1.jar:/Users/njbh1/.m2/repository/org/freemarker/freemarker/2.3.28/freemarker-2.3.28.jar:/Users/njbh1/.m2/repository/org/codehaus/plexus/plexus-utils/3.1.1/plexus-utils-3.1.1.jar:/Users/njbh1/.m2/repository/org/jsoup/jsoup/1.11.3/jsoup-1.11.3.jar:/Users/njbh1/.m2/repository/uk/com/robust-it/cloning/1.9.11/cloning-1.9.11.jar:/Users/njbh1/.m2/repository/org/objenesis/objenesis/2.6/objenesis-2.6.jar:/Users/njbh1/.m2/repository/com/google/code/gson/gson/2.8.5/gson-2.8.5.jar:/Users/njbh1/.m2/repository/commons-io/commons-io/2.6/commons-io-2.6.jar:/Users/njbh1/.m2/repository/com/microsoft/azure/azure-eventhubs/2.2.0/azure-eventhubs-2.2.0.jar:/Users/njbh1/.m2/repository/org/apache/qpid/proton-j/0.31.0/proton-j-0.31.0.jar:/Users/njbh1/.m2/repository/com/microsoft/azure/qpid-proton-j-extensions/1.1.0/qpid-proton-j-extensions-1.1.0.jar:/Users/njbh1/.m2/repository/com/microsoft/azure/azure-servicebus/1.2.8/azure-servicebus-1.2.8.jar:/Users/njbh1/.m2/repository/org/bouncycastle/bcpkix-jdk15on/1.53/bcpkix-jdk15on-1.53.jar:/Users/njbh1/.m2/repository/org/bouncycastle/bcprov-jdk15on/1.53/bcprov-jdk15on-1.53.jar:/Users/njbh1/.m2/repository/com/microsoft/azure/adal4j/1.3.0/adal4j-1.3.0.jar:/Users/njbh1/.m2/repository/com/nimbusds/oauth2-oidc-sdk/5.24.1/oauth2-oidc-sdk-5.24.1.jar:/Users/njbh1/.m2/repository/javax/mail/mail/1.4.7/mail-1.4.7.jar:/Users/njbh1/.m2/repository/com/github/stephenc/jcip/jcip-annotations/1.0-1/jcip-annotations-1.0-1.jar:/Users/njbh1/.m2/repository/org/apache/commons/commons-collections4/4.1/commons-collections4-4.1.jar:/Users/njbh1/.m2/repository/net/minidev/json-smart/1.3.1/json-smart-1.3.1.jar:/Users/njbh1/.m2/repository/com/nimbusds/lang-tag/1.4.4/lang-tag-1.4.4.jar:/Users/njbh1/.m2/repository/com/nimbusds/nimbus-jose-jwt/8.14.1/nimbus-jose-jwt-8.14.1.jar:/Users/njbh1/.m2/repository/com/googlecode/json-simple/json-simple/1.1.1/json-simple-1.1.1.jar:/Users/njbh1/.m2/repository/junit/junit/4.10/junit-4.10.jar:/Users/njbh1/.m2/repository/org/codehaus/jackson/jackson-mapper-asl/1.9.0/jackson-mapper-asl-1.9.0.jar:/Users/njbh1/.m2/repository/org/codehaus/jackson/jackson-core-asl/1.9.0/jackson-core-asl-1.9.0.jar:"/>
    <property name="sun.cpu.endian" value="little"/>
    <property name="user.home" value="/Users/njbh1"/>
    <property name="user.language" value="en"/>
    <property name="java.specification.vendor" value="Oracle Corporation"/>
    <property name="java.home" value="/Library/Java/JavaVirtualMachines/jdk1.8.0_201.jdk/Contents/Home/jre"/>
    <property name="basedir" value="/Users/njbh1/Documents/Official/woolworths-app-apigee"/>
    <property name="file.separator" value="/"/>
    <property name="line.separator" value="&#10;"/>
    <property name="java.vm.specification.vendor" value="Oracle Corporation"/>
    <property name="java.specification.name" value="Java Platform API Specification"/>
    <property name="java.awt.graphicsenv" value="sun.awt.CGraphicsEnvironment"/>
    <property name="surefire.real.class.path" value="/Users/njbh1/Documents/Official/woolworths-app-apigee/target/surefire/surefirebooter2516682620929537198.jar"/>
    <property name="sun.boot.class.path" value="/Library/Java/JavaVirtualMachines/jdk1.8.0_201.jdk/Contents/Home/jre/lib/resources.jar:/Library/Java/JavaVirtualMachines/jdk1.8.0_201.jdk/Contents/Home/jre/lib/rt.jar:/Library/Java/JavaVirtualMachines/jdk1.8.0_201.jdk/Contents/Home/jre/lib/sunrsasign.jar:/Library/Java/JavaVirtualMachines/jdk1.8.0_201.jdk/Contents/Home/jre/lib/jsse.jar:/Library/Java/JavaVirtualMachines/jdk1.8.0_201.jdk/Contents/Home/jre/lib/jce.jar:/Library/Java/JavaVirtualMachines/jdk1.8.0_201.jdk/Contents/Home/jre/lib/charsets.jar:/Library/Java/JavaVirtualMachines/jdk1.8.0_201.jdk/Contents/Home/jre/lib/jfr.jar:/Library/Java/JavaVirtualMachines/jdk1.8.0_201.jdk/Contents/Home/jre/classes"/>
    <property name="sun.management.compiler" value="HotSpot 64-Bit Tiered Compilers"/>
    <property name="java.runtime.version" value="1.8.0_201-b09"/>
    <property name="user.name" value="njbh1"/>
    <property name="path.separator" value=":"/>
    <property name="os.version" value="10.14.6"/>
    <property name="java.endorsed.dirs" value="/Library/Java/JavaVirtualMachines/jdk1.8.0_201.jdk/Contents/Home/jre/lib/endorsed"/>
    <property name="java.runtime.name" value="Java(TM) SE Runtime Environment"/>
    <property name="file.encoding" value="UTF-8"/>
    <property name="java.vm.name" value="Java HotSpot(TM) 64-Bit Server VM"/>
    <property name="localRepository" value="/Users/njbh1/.m2/repository"/>
    <property name="cucumber.options" value="--tags @REGRESSION"/>
    <property name="java.vendor.url.bug" value="http://bugreport.sun.com/bugreport/"/>
    <property name="java.io.tmpdir" value="/var/folders/w0/wq9bxnp56z78_v69f2jkwch9h3kx5g/T/"/>
    <property name="java.version" value="1.8.0_201"/>
    <property name="user.dir" value="/Users/njbh1/Documents/Official/woolworths-app-apigee"/>
    <property name="os.arch" value="x86_64"/>
    <property name="java.vm.specification.name" value="Java Virtual Machine Specification"/>
    <property name="java.awt.printerjob" value="sun.lwawt.macosx.CPrinterJob"/>
    <property name="env" value="test"/>
    <property name="sun.os.patch.level" value="unknown"/>
    <property name="java.library.path" value="/Users/njbh1/Library/Java/Extensions:/Library/Java/Extensions:/Network/Library/Java/Extensions:/System/Library/Java/Extensions:/usr/lib/java:."/>
    <property name="java.vm.info" value="mixed mode"/>
    <property name="java.vendor" value="Oracle Corporation"/>
    <property name="java.vm.version" value="25.201-b09"/>
    <property name="saveRequestResponse" value="yes"/>
    <property name="java.ext.dirs" value="/Users/njbh1/Library/Java/Extensions:/Library/Java/JavaVirtualMachines/jdk1.8.0_201.jdk/Contents/Home/jre/lib/ext:/Library/Java/Extensions:/Network/Library/Java/Extensions:/System/Library/Java/Extensions:/usr/lib/java"/>
    <property name="sun.io.unicode.encoding" value="UnicodeBig"/>
    <property name="java.class.version" value="52.0"/>
  </properties>
  <testcase name="feature" classname="Parallel06IT" time="9.509"/>
</testsuite>