<?xml version="1.0" encoding="UTF-8"?>
<!-- Generated by org.testng.reporters.JUnitReportReporter -->
<testsuite skipped="0" hostname="NSUR01MAC091" name="Parallel06IT" tests="1" failures="0" timestamp="14 Apr 2020 07:18:32 GMT" time="9.507" errors="0">
  <testcase name="feature" time="9.507" classname="Parallel06IT"/>
</testsuite> <!-- Parallel06IT -->
