<?xml version="1.0" encoding="UTF-8"?>
<!-- Generated by org.testng.reporters.JUnitReportReporter -->
<testsuite skipped="0" hostname="NSUR01MAC091" name="Parallel05IT" tests="1" failures="0" timestamp="14 Apr 2020 07:18:21 GMT" time="3.855" errors="0">
  <testcase name="feature" time="3.855" classname="Parallel05IT"/>
</testsuite> <!-- Parallel05IT -->
