<?xml version="1.0" encoding="UTF-8"?>
<!-- Generated by org.testng.reporters.JUnitReportReporter -->
<testsuite skipped="0" hostname="NSUR01MAC091" name="Parallel08IT" tests="1" failures="0" timestamp="14 Apr 2020 07:18:16 GMT" time="6.316" errors="0">
  <testcase name="feature" time="6.316" classname="Parallel08IT"/>
</testsuite> <!-- Parallel08IT -->
