<?xml version="1.0" encoding="UTF-8"?>
<!-- Generated by org.testng.reporters.JUnitReportReporter -->
<testsuite skipped="0" hostname="NSUR01MAC091" name="Parallel01IT" tests="1" failures="0" timestamp="14 Apr 2020 07:18:09 GMT" time="4.705" errors="0">
  <testcase name="feature" time="4.705" classname="Parallel01IT"/>
</testsuite> <!-- Parallel01IT -->
