<?xml version="1.0" encoding="UTF-8"?>
<!-- Generated by org.testng.reporters.JUnitReportReporter -->
<testsuite skipped="0" hostname="NSUR01MAC091" name="Parallel07IT" tests="1" failures="0" timestamp="14 Apr 2020 07:18:28 GMT" time="5.583" errors="0">
  <testcase name="feature" time="5.583" classname="Parallel07IT"/>
</testsuite> <!-- Parallel07IT -->
