<?xml version="1.0" encoding="UTF-8"?>
<!-- Generated by org.testng.reporters.JUnitReportReporter -->
<testsuite skipped="0" hostname="NSUR01MAC091" name="Parallel02IT" tests="1" failures="0" timestamp="14 Apr 2020 07:18:19 GMT" time="14.735" errors="0">
  <testcase name="feature" time="14.735" classname="Parallel02IT"/>
</testsuite> <!-- Parallel02IT -->
