<?xml version="1.0" encoding="UTF-8"?>
<!-- Generated by org.testng.reporters.JUnitReportReporter -->
<testsuite skipped="0" hostname="Kusumas-mac.local" name="Parallel01IT" tests="1" failures="0" timestamp="27 Apr 2020 03:30:07 GMT" time="4.003" errors="0">
  <testcase name="feature" time="4.003" classname="Parallel01IT"/>
</testsuite> <!-- Parallel01IT -->
